Internal ctest changing into directory: /home/workspace/build
Test project /home/workspace/build
    Start 30: TestOther
1/1 Test #30: TestOther ........................***Failed   10.87 sec
TestOther::emptyBrackets
TestOther::zeroDiv1
TestOther::zeroDiv2
TestOther::zeroDiv3
TestOther::zeroDiv4
TestOther::zeroDiv5
TestOther::zeroDiv6
TestOther::zeroDiv7
TestOther::zeroDiv8
TestOther::zeroDiv9
TestOther::zeroDiv10
TestOther::zeroDiv11
TestOther::zeroDiv12
TestOther::zeroDivCond
TestOther::nanInArithmeticExpression
TestOther::varScope1
TestOther::varScope2
TestOther::varScope3
TestOther::varScope4
TestOther::varScope5
TestOther::varScope6
TestOther::varScope7
TestOther::varScope8
TestOther::varScope9
TestOther::varScope10
TestOther::varScope11
TestOther::varScope12
TestOther::varScope13
TestOther::varScope14
TestOther::varScope15
TestOther::varScope16
TestOther::varScope17
TestOther::varScope18
TestOther::varScope20
TestOther::varScope21
TestOther::varScope22
TestOther::varScope23
TestOther::varScope24
TestOther::varScope25
TestOther::varScope26
TestOther::oldStylePointerCast
TestOther::invalidPointerCast
TestOther::passedByValue
TestOther::passedByValue_nonConst
TestOther::passedByValue_externC
TestOther::constVariable
TestOther::switchRedundantAssignmentTest
TestOther::switchRedundantOperationTest
TestOther::switchRedundantBitwiseOperationTest
TestOther::unreachableCode
TestOther::suspiciousCase
TestOther::suspiciousEqualityComparison
TestOther::selfAssignment
TestOther::trac1132
TestOther::testMisusedScopeObjectDoesNotPickFunction1
TestOther::testMisusedScopeObjectDoesNotPickFunction2
TestOther::testMisusedScopeObjectPicksClass
TestOther::testMisusedScopeObjectPicksStruct
TestOther::testMisusedScopeObjectDoesNotPickIf
TestOther::testMisusedScopeObjectDoesNotPickConstructorDeclaration
TestOther::testMisusedScopeObjectDoesNotPickFunctor
TestOther::testMisusedScopeObjectDoesNotPickLocalClassConstructors
TestOther::testMisusedScopeObjectDoesNotPickUsedObject
TestOther::testMisusedScopeObjectDoesNotPickPureC
TestOther::testMisusedScopeObjectDoesNotPickNestedClass
TestOther::testMisusedScopeObjectInConstructor
TestOther::testMisusedScopeObjectNoCodeAfter
TestOther::trac2071
TestOther::trac2084
TestOther::trac3693
TestOther::clarifyCalculation
TestOther::clarifyStatement
TestOther::duplicateBranch
TestOther::duplicateBranch1
TestOther::duplicateBranch2
TestOther::duplicateBranch3
TestOther::duplicateExpression1
TestOther::duplicateExpression2
TestOther::duplicateExpression3
TestOther::duplicateExpression4
TestOther::duplicateExpression5
TestOther::duplicateExpression6
TestOther::duplicateExpression7
TestOther::duplicateExpression8
TestOther::duplicateExpression9
TestOther::duplicateExpressionLoop
TestOther::duplicateValueTernary
TestOther::duplicateExpressionTernary
TestOther::duplicateExpressionTemplate
TestOther::oppositeExpression
TestOther::duplicateVarExpression
TestOther::duplicateVarExpressionUnique
TestOther::duplicateVarExpressionAssign
TestOther::duplicateVarExpressionCrash
TestOther::multiConditionSameExpression
TestOther::checkSignOfUnsignedVariable
TestOther::checkSignOfPointer
TestOther::checkForSuspiciousSemicolon1
TestOther::checkForSuspiciousSemicolon2
TestOther::checkInvalidFree
TestOther::checkRedundantCopy
TestOther::checkNegativeShift
TestOther::incompleteArrayFill
TestOther::redundantVarAssignment
TestOther::redundantVarAssignment_struct
TestOther::redundantVarAssignment_7133
TestOther::redundantVarAssignment_stackoverflow
TestOther::redundantVarAssignment_lambda
TestOther::redundantVarAssignment_loop
TestOther::redundantVarAssignment_after_switch
TestOther::redundantVarAssignment_pointer
TestOther::redundantVarAssignment_pointer_parameter
TestOther::redundantVarAssignment_array
TestOther::redundantInitialization
TestOther::redundantMemWrite
TestOther::varFuncNullUB
TestOther::checkPipeParameterSize
TestOther::checkCastIntToCharAndBack
TestOther::checkCommaSeparatedReturn
TestOther::checkPassByReference
TestOther::checkComparisonFunctionIsAlwaysTrueOrFalse
TestOther::integerOverflow
TestOther::redundantPointerOp
TestOther::test_isSameExpression
TestOther::raceAfterInterlockedDecrement
TestOther::testUnusedLabel
TestOther::testEvaluationOrder
TestOther::testEvaluationOrderSelfAssignment
TestOther::testEvaluationOrderMacro
TestOther::testEvaluationOrderSequencePointsFunctionCall
TestOther::testEvaluationOrderSequencePointsComma
TestOther::testEvaluationOrderSizeof
TestOther::testUnsignedLessThanZero
TestOther::doubleMove1
TestOther::doubleMoveMemberInitialization1
TestOther::doubleMoveMemberInitialization2
TestOther::moveAndAssign1
TestOther::moveAndAssign2
TestOther::moveAssignMoveAssign
TestOther::moveAndReset1
TestOther::moveAndReset2
TestOther::moveResetMoveReset
TestOther::moveAndFunctionParameter
TestOther::moveAndFunctionParameterReference
TestOther::moveAndFunctionParameterConstReference
TestOther::moveAndFunctionParameterUnknown
TestOther::moveAndReturn
TestOther::moveAndClear
TestOther::movedPointer
TestOther::moveAndAddressOf
TestOther::partiallyMoved
TestOther::moveAndLambda
TestOther::forwardAndUsed
TestOther::funcArgNamesDifferent
TestOther::funcArgOrderDifferent
TestOther::cpp11FunctionArgInit
TestOther::shadowVariables
TestOther::constArgument
TestOther::checkComparePointers
TestOther::unusedVariableValueTemplate


Testing Complete
Number of tests: 160
Number of todos: 9
Tests failed: 1

/home/workspace/test/testother.cpp:6694(TestOther::redundantInitialization): Assertion failed. 
Expected: 

Actual: 
test.cpp:4:style:Redundant initialization for 'e'. The initialized value is overwritten before it is read.\n
test.cpp:3:note:e is initialized\n
test.cpp:4:note:e is overwritten\n

_____


0% tests passed, 1 tests failed out of 1

Total Test time (real) =  10.93 sec

The following tests FAILED:
	 30 - TestOther (Failed)
Errors while running CTest
