Internal ctest changing into directory: /home/workspace/build
Test project /home/workspace/build
    Start 24: TestLeakAutoVar
1/1 Test #24: TestLeakAutoVar ..................***Failed   16.64 sec
TestLeakAutoVar::assign1
TestLeakAutoVar::assign2
TestLeakAutoVar::assign3
TestLeakAutoVar::assign4
TestLeakAutoVar::assign5
TestLeakAutoVar::assign6
TestLeakAutoVar::assign7
TestLeakAutoVar::assign8
TestLeakAutoVar::assign9
TestLeakAutoVar::assign10
TestLeakAutoVar::assign11
TestLeakAutoVar::assign12
TestLeakAutoVar::assign14
TestLeakAutoVar::assign15
TestLeakAutoVar::assign16
TestLeakAutoVar::assign17
TestLeakAutoVar::assign18
TestLeakAutoVar::assign19
TestLeakAutoVar::isAutoDealloc
TestLeakAutoVar::realloc1
TestLeakAutoVar::realloc2
TestLeakAutoVar::realloc3
TestLeakAutoVar::freopen1
TestLeakAutoVar::freopen2
TestLeakAutoVar::deallocuse1
TestLeakAutoVar::deallocuse2
TestLeakAutoVar::deallocuse3
TestLeakAutoVar::deallocuse4
TestLeakAutoVar::deallocuse6
TestLeakAutoVar::deallocuse7
TestLeakAutoVar::deallocuse8
TestLeakAutoVar::doublefree1
TestLeakAutoVar::doublefree2
TestLeakAutoVar::doublefree3
TestLeakAutoVar::doublefree4
TestLeakAutoVar::doublefree5
TestLeakAutoVar::doublefree6
TestLeakAutoVar::doublefree7
TestLeakAutoVar::doublefree8
TestLeakAutoVar::doublefree9
TestLeakAutoVar::doublefree10
TestLeakAutoVar::exit1
TestLeakAutoVar::exit2
TestLeakAutoVar::exit3
TestLeakAutoVar::functioncall1
TestLeakAutoVar::goto1
TestLeakAutoVar::goto2
TestLeakAutoVar::ifelse1
TestLeakAutoVar::ifelse2
TestLeakAutoVar::ifelse3
TestLeakAutoVar::ifelse4
TestLeakAutoVar::ifelse5
TestLeakAutoVar::ifelse6
TestLeakAutoVar::ifelse7
TestLeakAutoVar::ifelse8
TestLeakAutoVar::ifelse9
TestLeakAutoVar::ifelse10
TestLeakAutoVar::ifelse11
TestLeakAutoVar::ifelse12
TestLeakAutoVar::ifelse13
TestLeakAutoVar::ifelse14
TestLeakAutoVar::ifelse15
TestLeakAutoVar::switch1
TestLeakAutoVar::loop1
TestLeakAutoVar::mismatchAllocDealloc
TestLeakAutoVar::smartPointerDeleter
TestLeakAutoVar::smartPointerRelease
TestLeakAutoVar::return1
TestLeakAutoVar::return2
TestLeakAutoVar::return3
TestLeakAutoVar::return4
TestLeakAutoVar::return5
TestLeakAutoVar::return6
TestLeakAutoVar::return7
TestLeakAutoVar::test1
TestLeakAutoVar::test2
TestLeakAutoVar::test3
TestLeakAutoVar::test4
TestLeakAutoVar::test5
TestLeakAutoVar::throw1
TestLeakAutoVar::throw2
TestLeakAutoVar::configuration1
TestLeakAutoVar::configuration2
TestLeakAutoVar::configuration3
TestLeakAutoVar::configuration4
TestLeakAutoVar::ptrptr
TestLeakAutoVar::nestedAllocation
TestLeakAutoVar::testKeywords
TestLeakAutoVar::inlineFunction
TestLeakAutoVar::smartPtrInContainer
TestLeakAutoVar::recursiveCountLimit


Testing Complete
Number of tests: 91
Number of todos: 8
Tests failed: 1

/home/workspace/test/testleakautovar.cpp:1713(TestLeakAutoVar::return7): Assertion failed. 
Expected: 

Actual: 
[test.cpp:3]: (error) Memory leak: x\n

_____


0% tests passed, 1 tests failed out of 1

Total Test time (real) =  16.70 sec

The following tests FAILED:
	 24 - TestLeakAutoVar (Failed)
Errors while running CTest
